This file contains any messages produced by compilers while
running configure, to aid debugging if configure makes a mistake.

It was created by BCS.Phenotyping configure 0.2.x, which was
generated by GNU Autoconf 2.65.  Invocation command line was

  $ ./configure 

## --------- ##
## Platform. ##
## --------- ##

hostname = gquest
uname -m = x86_64
uname -r = 2.6.32-504.16.2.el6.x86_64
uname -s = Linux
uname -v = #1 SMP Tue Mar 10 17:01:00 EDT 2015

/usr/bin/uname -p = unknown
/bin/uname -X     = unknown

/bin/arch              = x86_64
/usr/bin/arch -k       = unknown
/usr/convex/getsysinfo = unknown
/usr/bin/hostinfo      = unknown
/bin/machine           = unknown
/usr/bin/oslevel       = unknown
/bin/universe          = unknown

PATH: /tools/bioinfo/app/R-3.2.1/bin
PATH: /tools/general/app/openmpi-1.7.2/bin
PATH: /tools/general/app/texlive/2014/bin/x86_64-linux
PATH: /tools/general/app/ImageMagick-6.7.8-3/bin
PATH: /tools/bioinfo/app/JAGS-3.3.0/bin
PATH: /tools/bioinfo/app/asreml-3.0/bin
PATH: /usr/lib64/qt-3.3/bin
PATH: /tools/general/app/python-2.7.5-rhel6/bin
PATH: /tools/general/app/gcc-4.8.1-rhel6/bin
PATH: /tools/general/app/sqlite-3.8.0.2/bin
PATH: /tools/general/app/perl-5.10.1-rhel6-20131203/bin
PATH: /usr/java/jdk1.7.0_45/bin
PATH: /tools/bioinfo/app/dbhistory-1.34.0/bin
PATH: /tools/bioinfo/app/dbhistory-1.34.0/bin/curator
PATH: /tools/bioinfo/app/dbhistory-1.34.0/bin/query
PATH: /tools/bioinfo/app/decypher_cli-9.0.0.69/bin
PATH: /tools/bioinfo/alias/bin
PATH: /tools/bioinfo/alias/app
PATH: /gridware/uge/bin/lx-amd64
PATH: /tools/general/bin
PATH: /tools/bioinfo/bin
PATH: /usr/java/default/bin
PATH: /usr/local/bin
PATH: /bin
PATH: /usr/bin
PATH: /usr/local/sbin
PATH: /usr/sbin
PATH: /sbin
PATH: /usr/sbin
PATH: /sbin
PATH: /usr/local/sbin


## ----------- ##
## Core tests. ##
## ----------- ##

configure:1643: checking for Magick-config
configure:1659: found /tools/general/app/ImageMagick-6.7.8-3/bin/Magick-config
configure:1671: result: yes
configure:1720: checking for pkg-config
configure:1736: found /usr/bin/pkg-config
configure:1748: result: yes
configure:1965: creating ./config.status

## ---------------------- ##
## Running config.status. ##
## ---------------------- ##

This file was extended by BCS.Phenotyping config.status 0.2.x, which was
generated by GNU Autoconf 2.65.  Invocation command line was

  CONFIG_FILES    = 
  CONFIG_HEADERS  = 
  CONFIG_LINKS    = 
  CONFIG_COMMANDS = 
  $ ./config.status 

on gquest

config.status:720: creating src/Makevars

## ---------------- ##
## Cache variables. ##
## ---------------- ##

ac_cv_env_build_alias_set=
ac_cv_env_build_alias_value=
ac_cv_env_host_alias_set=
ac_cv_env_host_alias_value=
ac_cv_env_target_alias_set=
ac_cv_env_target_alias_value=
ac_cv_prog_magickfound=yes
ac_cv_prog_pkgfound=yes

## ----------------- ##
## Output variables. ##
## ----------------- ##

CFLAGS='-Wall -I/tools/general/app/ImageMagick-6.7.8-3/include/ImageMagick -I/tools/general/app/ImageMagick-6.7.8-3/include/ImageMagick '
CXXFLAGS='-Wall -I/tools/general/app/ImageMagick-6.7.8-3/include/ImageMagick -I/tools/general/app/ImageMagick-6.7.8-3/include/ImageMagick '
DEFS='-DPACKAGE_NAME=\"BCS.Phenotyping\" -DPACKAGE_TARNAME=\"BCS.Phenotyping\" -DPACKAGE_VERSION=\"0.2.x\" -DPACKAGE_STRING=\"BCS.Phenotyping\ 0.2.x\" -DPACKAGE_BUGREPORT=\"\" -DPACKAGE_URL=\"\"'
ECHO_C=''
ECHO_N='-n'
ECHO_T=''
LIBOBJS=''
LIBS='-L/tools/general/app/ImageMagick-6.7.8-3/lib -lMagickCore -L/tools/general/app/ImageMagick-6.7.8-3/lib -lMagickCore -L/tools/general/app/ImageMagick-6.7.8-3/lib -lMagickWand -lMagickCore'
LTLIBOBJS=''
PACKAGE_BUGREPORT=''
PACKAGE_NAME='BCS.Phenotyping'
PACKAGE_STRING='BCS.Phenotyping 0.2.x'
PACKAGE_TARNAME='BCS.Phenotyping'
PACKAGE_URL=''
PACKAGE_VERSION='0.2.x'
PATH_SEPARATOR=':'
SHELL='/bin/sh'
bindir='${exec_prefix}/bin'
build_alias=''
datadir='${datarootdir}'
datarootdir='${prefix}/share'
docdir='${datarootdir}/doc/${PACKAGE_TARNAME}'
dvidir='${docdir}'
exec_prefix='${prefix}'
host_alias=''
htmldir='${docdir}'
includedir='${prefix}/include'
infodir='${datarootdir}/info'
libdir='${exec_prefix}/lib'
libexecdir='${exec_prefix}/libexec'
localedir='${datarootdir}/locale'
localstatedir='${prefix}/var'
magickfound='yes'
mandir='${datarootdir}/man'
oldincludedir='/usr/include'
pdfdir='${docdir}'
pkgfound='yes'
prefix='/usr/local'
program_transform_name='s,x,x,'
psdir='${docdir}'
sbindir='${exec_prefix}/sbin'
sharedstatedir='${prefix}/com'
sysconfdir='${prefix}/etc'
target_alias=''

## ----------- ##
## confdefs.h. ##
## ----------- ##

/* confdefs.h */
#define PACKAGE_NAME "BCS.Phenotyping"
#define PACKAGE_TARNAME "BCS.Phenotyping"
#define PACKAGE_VERSION "0.2.x"
#define PACKAGE_STRING "BCS.Phenotyping 0.2.x"
#define PACKAGE_BUGREPORT ""
#define PACKAGE_URL ""

configure: exit 0
